0 info it worked if it ends with ok
1 verbose cli [ '/home/ubuntu/.nvm/v0.10.35/bin/node',
1 verbose cli   '/home/ubuntu/.nvm/v0.10.35/bin/npm',
1 verbose cli   'uninstall',
1 verbose cli   'eslint' ]
2 info using npm@1.4.28
3 info using node@v0.10.35
4 verbose node_modules/eslint unbuild
5 info preuninstall eslint@2.11.1
6 info uninstall eslint@2.11.1
7 verbose true,/home/ubuntu/workspace/webtooling-and-automation/node_modules,/home/ubuntu/workspace/webtooling-and-automation/node_modules unbuild eslint@2.11.1
8 verbose /home/ubuntu/workspace/webtooling-and-automation/node_modules/.bin,[object Object] binRoot
9 error Error: EACCES, unlink '/home/ubuntu/workspace/webtooling-and-automation/node_modules/.bin/eslint'
9 error  { [Error: EACCES, unlink '/home/ubuntu/workspace/webtooling-and-automation/node_modules/.bin/eslint']
9 error   errno: 3,
9 error   code: 'EACCES',
9 error   path: '/home/ubuntu/workspace/webtooling-and-automation/node_modules/.bin/eslint' }
10 error Please try running this command again as root/Administrator.
11 error System Linux 4.2.0-c9
12 error command "/home/ubuntu/.nvm/v0.10.35/bin/node" "/home/ubuntu/.nvm/v0.10.35/bin/npm" "uninstall" "eslint"
13 error cwd /home/ubuntu/workspace/webtooling-and-automation
14 error node -v v0.10.35
15 error npm -v 1.4.28
16 error path /home/ubuntu/workspace/webtooling-and-automation/node_modules/.bin/eslint
17 error code EACCES
18 error errno 3
19 error stack Error: EACCES, unlink '/home/ubuntu/workspace/webtooling-and-automation/node_modules/.bin/eslint'
20 verbose exit [ 3, true ]
